<?xml version="1.0" encoding="UTF-8"?>
<testsuites>
  <testsuite name="fastlane.lanes">
    
    
    
      
      <testcase classname="fastlane.lanes" name="0: Verifying fastlane version" time="0.011581">
        
      </testcase>
    
      
      <testcase classname="fastlane.lanes" name="1: default_platform" time="0.00186">
        
      </testcase>
    
      
      <testcase classname="fastlane.lanes" name="2: crashlytics" time="0.917732">
        
          <failure message="/Users/zaytsev/.rvm/gems/ruby-2.3.5/gems/fastlane-2.108.0/fastlane/lib/fastlane/actions/actions_helper.rb:48:in `execute_action'&#10;/Users/zaytsev/.rvm/gems/ruby-2.3.5/gems/fastlane-2.108.0/fastlane/lib/fastlane/runner.rb:232:in `block in execute_action'&#10;/Users/zaytsev/.rvm/gems/ruby-2.3.5/gems/fastlane-2.108.0/fastlane/lib/fastlane/runner.rb:227:in `chdir'&#10;/Users/zaytsev/.rvm/gems/ruby-2.3.5/gems/fastlane-2.108.0/fastlane/lib/fastlane/runner.rb:227:in `execute_action'&#10;/Users/zaytsev/.rvm/gems/ruby-2.3.5/gems/fastlane-2.108.0/fastlane/lib/fastlane/runner.rb:157:in `trigger_action_by_name'&#10;/Users/zaytsev/.rvm/gems/ruby-2.3.5/gems/fastlane-2.108.0/fastlane/lib/fastlane/fast_file.rb:149:in `method_missing'&#10;Fastfile:29:in `block (2 levels) in parsing_binding'&#10;/Users/zaytsev/.rvm/gems/ruby-2.3.5/gems/fastlane-2.108.0/fastlane/lib/fastlane/lane.rb:33:in `call'&#10;/Users/zaytsev/.rvm/gems/ruby-2.3.5/gems/fastlane-2.108.0/fastlane/lib/fastlane/runner.rb:49:in `block in execute'&#10;/Users/zaytsev/.rvm/gems/ruby-2.3.5/gems/fastlane-2.108.0/fastlane/lib/fastlane/runner.rb:45:in `chdir'&#10;/Users/zaytsev/.rvm/gems/ruby-2.3.5/gems/fastlane-2.108.0/fastlane/lib/fastlane/runner.rb:45:in `execute'&#10;/Users/zaytsev/.rvm/gems/ruby-2.3.5/gems/fastlane-2.108.0/fastlane/lib/fastlane/lane_manager.rb:56:in `cruise_lane'&#10;/Users/zaytsev/.rvm/gems/ruby-2.3.5/gems/fastlane-2.108.0/fastlane/lib/fastlane/command_line_handler.rb:36:in `handle'&#10;/Users/zaytsev/.rvm/gems/ruby-2.3.5/gems/fastlane-2.108.0/fastlane/lib/fastlane/commands_generator.rb:108:in `block (2 levels) in run'&#10;/Users/zaytsev/.rvm/gems/ruby-2.3.5/gems/commander-fastlane-4.4.6/lib/commander/command.rb:178:in `call'&#10;/Users/zaytsev/.rvm/gems/ruby-2.3.5/gems/commander-fastlane-4.4.6/lib/commander/command.rb:153:in `run'&#10;/Users/zaytsev/.rvm/gems/ruby-2.3.5/gems/commander-fastlane-4.4.6/lib/commander/runner.rb:476:in `run_active_command'&#10;/Users/zaytsev/.rvm/gems/ruby-2.3.5/gems/fastlane-2.108.0/fastlane_core/lib/fastlane_core/ui/fastlane_runner.rb:76:in `run!'&#10;/Users/zaytsev/.rvm/gems/ruby-2.3.5/gems/commander-fastlane-4.4.6/lib/commander/delegates.rb:15:in `run!'&#10;/Users/zaytsev/.rvm/gems/ruby-2.3.5/gems/fastlane-2.108.0/fastlane/lib/fastlane/commands_generator.rb:333:in `run'&#10;/Users/zaytsev/.rvm/gems/ruby-2.3.5/gems/fastlane-2.108.0/fastlane/lib/fastlane/commands_generator.rb:41:in `start'&#10;/Users/zaytsev/.rvm/gems/ruby-2.3.5/gems/fastlane-2.108.0/fastlane/lib/fastlane/cli_tools_distributor.rb:108:in `take_off'&#10;/Users/zaytsev/.rvm/gems/ruby-2.3.5/gems/fastlane-2.108.0/bin/fastlane:23:in `&lt;top (required)&gt;'&#10;/Users/zaytsev/.rvm/gems/ruby-2.3.5/bin/fastlane:23:in `load'&#10;/Users/zaytsev/.rvm/gems/ruby-2.3.5/bin/fastlane:23:in `&lt;main&gt;'&#10;/Users/zaytsev/.rvm/gems/ruby-2.3.5/bin/ruby_executable_hooks:24:in `eval'&#10;/Users/zaytsev/.rvm/gems/ruby-2.3.5/bin/ruby_executable_hooks:24:in `&lt;main&gt;'&#10;&#10; WARN - Crashlytics halted compilation because it can't extract Crashlytics build info from the APK: /Users/zaytsev/dev/flutterProjects/park-flutter/build/app/outputs/apk/release/app-release.apk&#10;Exception in thread &quot;main&quot; com.crashlytics.tools.android.exception.PluginException: Distribution upload failed.&#10;	at com.crashlytics.tools.android.DeveloperTools.processProperties(DeveloperTools.java:667)&#10;	at com.crashlytics.tools.android.DeveloperTools.processArgsInternal(DeveloperTools.java:348)&#10;	at com.crashlytics.tools.android.DeveloperTools.main(DeveloperTools.java:273)&#10;Caused by: com.crashlytics.tools.android.exception.DistributionException: Crashlytics halted compilation because it can't extract Crashlytics build info from the APK: /Users/zaytsev/dev/flutterProjects/park-flutter/build/app/outputs/apk/release/app-release.apk&#10;	at com.crashlytics.tools.android.DistributionTasks.uploadDistribution(DistributionTasks.java:64)&#10;	at com.crashlytics.tools.android.DeveloperTools.processProperties(DeveloperTools.java:665)&#10;	... 2 more&#10;" />
        
      </testcase>
    
  </testsuite>
</testsuites>
